********************************************************************************
*                    Thursday, January 12, 2017 1:49:14 PM                     *
********************************************************************************
CSharpCompilerWrapper.exe version: 2.0.0.0
Platform: Windows
Target assembly: Assembly-CSharp.dll
Project directory: C:\Users\jornv\Documents\Projecten\C#\Byzantium
Unity 'Data' or 'Frameworks' directory: D:/Program Files/Unity/Editor/Data
Compiler: Microsoft C# 7.0

- Compilation -----------------------------------------------

Process: C:\Users\jornv\Documents\Projecten\C#\Byzantium\CSharp70Support\Roslyn\csc.exe
Arguments: -nostdlib+ -noconfig -nologo -r:"D:/Program Files/Unity/Editor/Data\Mono/lib/mono/2.0/mscorlib.dll" -r:"D:/Program Files/Unity/Editor/Data\Mono/lib/mono/2.0/System.dll" -r:"D:/Program Files/Unity/Editor/Data\Mono/lib/mono/2.0/System.Core.dll" -r:"D:/Program Files/Unity/Editor/Data\Mono/lib/mono/2.0/System.Xml.dll" @Temp/UnityTempFile-4cfe3794d5346bd42892c611083abe56 
Exit code: 0
Elapsed time: 4.38 sec

- Compiler output (0 lines):

- Compiler errors (0 lines):

- PDB to MDB conversion --------------------------------------

Process: C:\Users\jornv\Documents\Projecten\C#\Byzantium\CSharp70Support\Roslyn\pdb2mdb.exe
Arguments: Temp\Assembly-CSharp.dll
Exit code: 0
Elapsed time: 0.16 sec

- pdb2mdb.exe output (0 lines):
********************************************************************************
*                    Thursday, January 12, 2017 1:49:14 PM                     *
********************************************************************************
CSharpCompilerWrapper.exe version: 2.0.0.0
Platform: Windows
Target assembly: Assembly-CSharp-Editor-firstpass.dll
Project directory: C:\Users\jornv\Documents\Projecten\C#\Byzantium
Unity 'Data' or 'Frameworks' directory: D:/Program Files/Unity/Editor/Data
Compiler: Microsoft C# 7.0

- Compilation -----------------------------------------------

Process: C:\Users\jornv\Documents\Projecten\C#\Byzantium\CSharp70Support\Roslyn\csc.exe
Arguments: -nostdlib+ -noconfig -nologo -r:"D:/Program Files/Unity/Editor/Data\Mono/lib/mono/2.0/mscorlib.dll" -r:"D:/Program Files/Unity/Editor/Data\Mono/lib/mono/2.0/System.dll" -r:"D:/Program Files/Unity/Editor/Data\Mono/lib/mono/2.0/System.Core.dll" -r:"D:/Program Files/Unity/Editor/Data\Mono/lib/mono/2.0/System.Xml.dll" @Temp/UnityTempFile-59a6b70753def054d97412ab998d2f81 
Exit code: 0
Elapsed time: 4.53 sec

- Compiler output (0 lines):

- Compiler errors (0 lines):

- PDB to MDB conversion --------------------------------------

Process: C:\Users\jornv\Documents\Projecten\C#\Byzantium\CSharp70Support\Roslyn\pdb2mdb.exe
Arguments: Temp\Assembly-CSharp-Editor-firstpass.dll
Exit code: 0
Elapsed time: 0.13 sec

- pdb2mdb.exe output (0 lines):
********************************************************************************
*                    Thursday, January 12, 2017 1:49:20 PM                     *
********************************************************************************
CSharpCompilerWrapper.exe version: 2.0.0.0
Platform: Windows
Target assembly: Assembly-CSharp-Editor.dll
Project directory: C:\Users\jornv\Documents\Projecten\C#\Byzantium
Unity 'Data' or 'Frameworks' directory: D:/Program Files/Unity/Editor/Data
Compiler: Microsoft C# 7.0

- Compilation -----------------------------------------------

Process: C:\Users\jornv\Documents\Projecten\C#\Byzantium\CSharp70Support\Roslyn\csc.exe
Arguments: -nostdlib+ -noconfig -nologo -r:"D:/Program Files/Unity/Editor/Data\Mono/lib/mono/2.0/mscorlib.dll" -r:"D:/Program Files/Unity/Editor/Data\Mono/lib/mono/2.0/System.dll" -r:"D:/Program Files/Unity/Editor/Data\Mono/lib/mono/2.0/System.Core.dll" -r:"D:/Program Files/Unity/Editor/Data\Mono/lib/mono/2.0/System.Xml.dll" @Temp/UnityTempFile-edc8d5b3f00442e44bed9a5ae6f8253d 
Exit code: 0
Elapsed time: 3.41 sec

- Compiler output (0 lines):

- Compiler errors (0 lines):

- PDB to MDB conversion --------------------------------------

Process: C:\Users\jornv\Documents\Projecten\C#\Byzantium\CSharp70Support\Roslyn\pdb2mdb.exe
Arguments: Temp\Assembly-CSharp-Editor.dll
Exit code: 0
Elapsed time: 0.12 sec

- pdb2mdb.exe output (0 lines):
********************************************************************************
*                    Thursday, January 12, 2017 1:49:57 PM                     *
********************************************************************************
CSharpCompilerWrapper.exe version: 2.0.0.0
Platform: Windows
Target assembly: Assembly-CSharp.dll
Project directory: C:\Users\jornv\Documents\Projecten\C#\Byzantium
Unity 'Data' or 'Frameworks' directory: D:/Program Files/Unity/Editor/Data
Compiler: Microsoft C# 7.0

- Compilation -----------------------------------------------

Process: C:\Users\jornv\Documents\Projecten\C#\Byzantium\CSharp70Support\Roslyn\csc.exe
Arguments: -nostdlib+ -noconfig -nologo -r:"D:/Program Files/Unity/Editor/Data\Mono/lib/mono/2.0/mscorlib.dll" -r:"D:/Program Files/Unity/Editor/Data\Mono/lib/mono/2.0/System.dll" -r:"D:/Program Files/Unity/Editor/Data\Mono/lib/mono/2.0/System.Core.dll" -r:"D:/Program Files/Unity/Editor/Data\Mono/lib/mono/2.0/System.Xml.dll" @Temp/UnityTempFile-df789b35de52daf4180e7e76f0c8a817 
Exit code: 0
Elapsed time: 3.90 sec

- Compiler output (0 lines):

- Compiler errors (0 lines):

- PDB to MDB conversion --------------------------------------

Process: C:\Users\jornv\Documents\Projecten\C#\Byzantium\CSharp70Support\Roslyn\pdb2mdb.exe
Arguments: Temp\Assembly-CSharp.dll
Exit code: 0
Elapsed time: 0.14 sec

- pdb2mdb.exe output (0 lines):
********************************************************************************
*                    Thursday, January 12, 2017 1:50:02 PM                     *
********************************************************************************
CSharpCompilerWrapper.exe version: 2.0.0.0
Platform: Windows
Target assembly: Assembly-CSharp-Editor.dll
Project directory: C:\Users\jornv\Documents\Projecten\C#\Byzantium
Unity 'Data' or 'Frameworks' directory: D:/Program Files/Unity/Editor/Data
Compiler: Microsoft C# 7.0

- Compilation -----------------------------------------------

Process: C:\Users\jornv\Documents\Projecten\C#\Byzantium\CSharp70Support\Roslyn\csc.exe
Arguments: -nostdlib+ -noconfig -nologo -r:"D:/Program Files/Unity/Editor/Data\Mono/lib/mono/2.0/mscorlib.dll" -r:"D:/Program Files/Unity/Editor/Data\Mono/lib/mono/2.0/System.dll" -r:"D:/Program Files/Unity/Editor/Data\Mono/lib/mono/2.0/System.Core.dll" -r:"D:/Program Files/Unity/Editor/Data\Mono/lib/mono/2.0/System.Xml.dll" @Temp/UnityTempFile-b888bdcef8879d944bbf8d545f177320 
Exit code: 0
Elapsed time: 3.24 sec

- Compiler output (0 lines):

- Compiler errors (0 lines):

- PDB to MDB conversion --------------------------------------

Process: C:\Users\jornv\Documents\Projecten\C#\Byzantium\CSharp70Support\Roslyn\pdb2mdb.exe
Arguments: Temp\Assembly-CSharp-Editor.dll
Exit code: 0
Elapsed time: 0.13 sec

- pdb2mdb.exe output (0 lines):
********************************************************************************
*                    Thursday, January 12, 2017 3:47:38 PM                     *
********************************************************************************
CSharpCompilerWrapper.exe version: 2.0.0.0
Platform: Windows
Target assembly: Assembly-CSharp.dll
Project directory: C:\Users\hindr\RiderProjects\Byzantium
Unity 'Data' or 'Frameworks' directory: C:/Program Files/Unity 5.6.0b3/Editor/Data
Compiler: Microsoft C# 7.0

- Compilation -----------------------------------------------

Process: C:\Users\hindr\RiderProjects\Byzantium\CSharp70Support\Roslyn\csc.exe
Arguments: -nostdlib+ -noconfig -nologo -r:"C:/Program Files/Unity 5.6.0b3/Editor/Data\Mono/lib/mono/2.0/mscorlib.dll" -r:"C:/Program Files/Unity 5.6.0b3/Editor/Data\Mono/lib/mono/2.0/System.dll" -r:"C:/Program Files/Unity 5.6.0b3/Editor/Data\Mono/lib/mono/2.0/System.Core.dll" -r:"C:/Program Files/Unity 5.6.0b3/Editor/Data\Mono/lib/mono/2.0/System.Xml.dll" @Temp/UnityTempFile-cdc30f35381a1f845a413516ae1474c4 
Exit code: 0
Elapsed time: 2.99 sec

- Compiler output (0 lines):

- Compiler errors (0 lines):

- PDB to MDB conversion --------------------------------------

Process: C:\Users\hindr\RiderProjects\Byzantium\CSharp70Support\Roslyn\pdb2mdb.exe
Arguments: Temp\Assembly-CSharp.dll
Exit code: 0
Elapsed time: 0.12 sec

- pdb2mdb.exe output (0 lines):
********************************************************************************
*                    Thursday, January 12, 2017 3:47:38 PM                     *
********************************************************************************
CSharpCompilerWrapper.exe version: 2.0.0.0
Platform: Windows
Target assembly: Assembly-CSharp-Editor-firstpass.dll
Project directory: C:\Users\hindr\RiderProjects\Byzantium
Unity 'Data' or 'Frameworks' directory: C:/Program Files/Unity 5.6.0b3/Editor/Data
Compiler: Microsoft C# 7.0

- Compilation -----------------------------------------------

Process: C:\Users\hindr\RiderProjects\Byzantium\CSharp70Support\Roslyn\csc.exe
Arguments: -nostdlib+ -noconfig -nologo -r:"C:/Program Files/Unity 5.6.0b3/Editor/Data\Mono/lib/mono/2.0/mscorlib.dll" -r:"C:/Program Files/Unity 5.6.0b3/Editor/Data\Mono/lib/mono/2.0/System.dll" -r:"C:/Program Files/Unity 5.6.0b3/Editor/Data\Mono/lib/mono/2.0/System.Core.dll" -r:"C:/Program Files/Unity 5.6.0b3/Editor/Data\Mono/lib/mono/2.0/System.Xml.dll" @Temp/UnityTempFile-128389f35110449429dd6193f3a5596f 
Exit code: 0
Elapsed time: 3.13 sec

- Compiler output (0 lines):

- Compiler errors (0 lines):

- PDB to MDB conversion --------------------------------------

Process: C:\Users\hindr\RiderProjects\Byzantium\CSharp70Support\Roslyn\pdb2mdb.exe
Arguments: Temp\Assembly-CSharp-Editor-firstpass.dll
Exit code: 0
Elapsed time: 0.09 sec

- pdb2mdb.exe output (0 lines):
********************************************************************************
*                    Thursday, January 12, 2017 3:47:42 PM                     *
********************************************************************************
CSharpCompilerWrapper.exe version: 2.0.0.0
Platform: Windows
Target assembly: Assembly-CSharp-Editor.dll
Project directory: C:\Users\hindr\RiderProjects\Byzantium
Unity 'Data' or 'Frameworks' directory: C:/Program Files/Unity 5.6.0b3/Editor/Data
Compiler: Microsoft C# 7.0

- Compilation -----------------------------------------------

Process: C:\Users\hindr\RiderProjects\Byzantium\CSharp70Support\Roslyn\csc.exe
Arguments: -nostdlib+ -noconfig -nologo -r:"C:/Program Files/Unity 5.6.0b3/Editor/Data\Mono/lib/mono/2.0/mscorlib.dll" -r:"C:/Program Files/Unity 5.6.0b3/Editor/Data\Mono/lib/mono/2.0/System.dll" -r:"C:/Program Files/Unity 5.6.0b3/Editor/Data\Mono/lib/mono/2.0/System.Core.dll" -r:"C:/Program Files/Unity 5.6.0b3/Editor/Data\Mono/lib/mono/2.0/System.Xml.dll" @Temp/UnityTempFile-ac7ba4696ac0f8b4db8f7826874e4d00 
Exit code: 0
Elapsed time: 2.39 sec

- Compiler output (0 lines):

- Compiler errors (0 lines):

- PDB to MDB conversion --------------------------------------

Process: C:\Users\hindr\RiderProjects\Byzantium\CSharp70Support\Roslyn\pdb2mdb.exe
Arguments: Temp\Assembly-CSharp-Editor.dll
Exit code: 0
Elapsed time: 0.10 sec

- pdb2mdb.exe output (0 lines):
********************************************************************************
*                    Thursday, January 12, 2017 3:47:46 PM                     *
********************************************************************************
CSharpCompilerWrapper.exe version: 2.0.0.0
Platform: Windows
Target assembly: Assembly-CSharp.dll
Project directory: C:\Users\hindr\RiderProjects\Byzantium
Unity 'Data' or 'Frameworks' directory: C:/Program Files/Unity 5.6.0b3/Editor/Data
Compiler: Microsoft C# 7.0

- Compilation -----------------------------------------------

Process: C:\Users\hindr\RiderProjects\Byzantium\CSharp70Support\Roslyn\csc.exe
Arguments: -nostdlib+ -noconfig -nologo -r:"C:/Program Files/Unity 5.6.0b3/Editor/Data\Mono/lib/mono/2.0/mscorlib.dll" -r:"C:/Program Files/Unity 5.6.0b3/Editor/Data\Mono/lib/mono/2.0/System.dll" -r:"C:/Program Files/Unity 5.6.0b3/Editor/Data\Mono/lib/mono/2.0/System.Core.dll" -r:"C:/Program Files/Unity 5.6.0b3/Editor/Data\Mono/lib/mono/2.0/System.Xml.dll" @Temp/UnityTempFile-e8f2d023192fd7947a6575482eb9f3a5 
Exit code: 0
Elapsed time: 2.73 sec

- Compiler output (0 lines):

- Compiler errors (0 lines):

- PDB to MDB conversion --------------------------------------

Process: C:\Users\hindr\RiderProjects\Byzantium\CSharp70Support\Roslyn\pdb2mdb.exe
Arguments: Temp\Assembly-CSharp.dll
Exit code: 0
Elapsed time: 0.11 sec

- pdb2mdb.exe output (0 lines):
********************************************************************************
*                    Thursday, January 12, 2017 3:47:49 PM                     *
********************************************************************************
CSharpCompilerWrapper.exe version: 2.0.0.0
Platform: Windows
Target assembly: Assembly-CSharp-Editor.dll
Project directory: C:\Users\hindr\RiderProjects\Byzantium
Unity 'Data' or 'Frameworks' directory: C:/Program Files/Unity 5.6.0b3/Editor/Data
Compiler: Microsoft C# 7.0

- Compilation -----------------------------------------------

Process: C:\Users\hindr\RiderProjects\Byzantium\CSharp70Support\Roslyn\csc.exe
Arguments: -nostdlib+ -noconfig -nologo -r:"C:/Program Files/Unity 5.6.0b3/Editor/Data\Mono/lib/mono/2.0/mscorlib.dll" -r:"C:/Program Files/Unity 5.6.0b3/Editor/Data\Mono/lib/mono/2.0/System.dll" -r:"C:/Program Files/Unity 5.6.0b3/Editor/Data\Mono/lib/mono/2.0/System.Core.dll" -r:"C:/Program Files/Unity 5.6.0b3/Editor/Data\Mono/lib/mono/2.0/System.Xml.dll" @Temp/UnityTempFile-60bf5df13ae9268438715f14214f35b5 
Exit code: 0
Elapsed time: 2.40 sec

- Compiler output (0 lines):

- Compiler errors (0 lines):

- PDB to MDB conversion --------------------------------------

Process: C:\Users\hindr\RiderProjects\Byzantium\CSharp70Support\Roslyn\pdb2mdb.exe
Arguments: Temp\Assembly-CSharp-Editor.dll
Exit code: 0
Elapsed time: 0.10 sec

- pdb2mdb.exe output (0 lines):
********************************************************************************
*                    Thursday, January 12, 2017 3:52:08 PM                     *
********************************************************************************
CSharpCompilerWrapper.exe version: 2.0.0.0
Platform: Windows
Target assembly: Assembly-CSharp.dll
Project directory: C:\Users\hindr\RiderProjects\Byzantium
Unity 'Data' or 'Frameworks' directory: C:/Program Files/Unity 5.6.0b3/Editor/Data
Compiler: Microsoft C# 7.0

- Compilation -----------------------------------------------

Process: C:\Users\hindr\RiderProjects\Byzantium\CSharp70Support\Roslyn\csc.exe
Arguments: -nostdlib+ -noconfig -nologo -r:"C:/Program Files/Unity 5.6.0b3/Editor/Data\Mono/lib/mono/2.0/mscorlib.dll" -r:"C:/Program Files/Unity 5.6.0b3/Editor/Data\Mono/lib/mono/2.0/System.dll" -r:"C:/Program Files/Unity 5.6.0b3/Editor/Data\Mono/lib/mono/2.0/System.Core.dll" -r:"C:/Program Files/Unity 5.6.0b3/Editor/Data\Mono/lib/mono/2.0/System.Xml.dll" @Temp/UnityTempFile-3146cc89e1fc45645a7f0901e729cca0 
Exit code: 0
Elapsed time: 3.04 sec

- Compiler output (0 lines):

- Compiler errors (0 lines):

- PDB to MDB conversion --------------------------------------

Process: C:\Users\hindr\RiderProjects\Byzantium\CSharp70Support\Roslyn\pdb2mdb.exe
Arguments: Temp\Assembly-CSharp.dll
Exit code: 0
Elapsed time: 0.12 sec

- pdb2mdb.exe output (0 lines):
********************************************************************************
*                    Thursday, January 12, 2017 3:52:11 PM                     *
********************************************************************************
CSharpCompilerWrapper.exe version: 2.0.0.0
Platform: Windows
Target assembly: Assembly-CSharp-Editor.dll
Project directory: C:\Users\hindr\RiderProjects\Byzantium
Unity 'Data' or 'Frameworks' directory: C:/Program Files/Unity 5.6.0b3/Editor/Data
Compiler: Microsoft C# 7.0

- Compilation -----------------------------------------------

Process: C:\Users\hindr\RiderProjects\Byzantium\CSharp70Support\Roslyn\csc.exe
Arguments: -nostdlib+ -noconfig -nologo -r:"C:/Program Files/Unity 5.6.0b3/Editor/Data\Mono/lib/mono/2.0/mscorlib.dll" -r:"C:/Program Files/Unity 5.6.0b3/Editor/Data\Mono/lib/mono/2.0/System.dll" -r:"C:/Program Files/Unity 5.6.0b3/Editor/Data\Mono/lib/mono/2.0/System.Core.dll" -r:"C:/Program Files/Unity 5.6.0b3/Editor/Data\Mono/lib/mono/2.0/System.Xml.dll" @Temp/UnityTempFile-dc3d361bef30a614d907616af5aad3ca 
Exit code: 0
Elapsed time: 2.57 sec

- Compiler output (0 lines):

- Compiler errors (0 lines):

- PDB to MDB conversion --------------------------------------

Process: C:\Users\hindr\RiderProjects\Byzantium\CSharp70Support\Roslyn\pdb2mdb.exe
Arguments: Temp\Assembly-CSharp-Editor.dll
Exit code: 0
Elapsed time: 0.10 sec

- pdb2mdb.exe output (0 lines):
